In file included from [01m[K/home/ntruong1124/ros2_ws/Python/pub_and_sub/build/intnums/rosidl_generator_c/intnums/msg/detail/name_int_num_data__functions.h:19[m[K,
                 from [01m[K/home/ntruong1124/ros2_ws/Python/pub_and_sub/build/intnums/rosidl_generator_c/intnums/msg/detail/name_int_num_data__functions.c:4[m[K:
[01m[K/home/ntruong1124/ros2_ws/Python/pub_and_sub/build/intnums/rosidl_generator_c/intnums/msg/detail/name_int_num_data__struct.h:24:10:[m[K [01;31m[Kfatal error: [m[Kintnums/msg/detail/int_num_data__struct.h: No such file or directory
   24 | #include [01;31m[K"intnums/msg/detail/int_num_data__struct.h"[m[K
      |          [01;31m[K^~~~~~~~~~~~~~~~~~~~~~~~~~~~~~~~~~~~~~~~~~~[m[K
compilation terminated.
gmake[2]: *** [CMakeFiles/intnums__rosidl_generator_c.dir/build.make:135: CMakeFiles/intnums__rosidl_generator_c.dir/rosidl_generator_c/intnums/msg/detail/name_int_num_data__functions.c.o] Error 1
gmake[2]: *** Waiting for unfinished jobs....
gmake[1]: *** [CMakeFiles/Makefile2:213: CMakeFiles/intnums__rosidl_generator_c.dir/all] Error 2
gmake[1]: *** Waiting for unfinished jobs....
In file included from [01m[K/home/ntruong1124/ros2_ws/Python/pub_and_sub/build/intnums/rosidl_typesupport_cpp/intnums/msg/name_int_num_data__type_support.cpp:7[m[K:
[01m[K/home/ntruong1124/ros2_ws/Python/pub_and_sub/build/intnums/rosidl_generator_cpp/intnums/msg/detail/name_int_num_data__struct.hpp:20:10:[m[K [01;31m[Kfatal error: [m[Kintnums/msg/detail/int_num_data__struct.hpp: No such file or directory
   20 | #include [01;31m[K"intnums/msg/detail/int_num_data__struct.hpp"[m[K
      |          [01;31m[K^~~~~~~~~~~~~~~~~~~~~~~~~~~~~~~~~~~~~~~~~~~~~[m[K
compilation terminated.
gmake[2]: *** [CMakeFiles/intnums__rosidl_typesupport_cpp.dir/build.make:104: CMakeFiles/intnums__rosidl_typesupport_cpp.dir/rosidl_typesupport_cpp/intnums/msg/name_int_num_data__type_support.cpp.o] Error 1
gmake[2]: *** Waiting for unfinished jobs....
In file included from [01m[K/home/ntruong1124/ros2_ws/Python/pub_and_sub/build/intnums/rosidl_typesupport_fastrtps_cpp/intnums/msg/detail/name_int_num_data__rosidl_typesupport_fastrtps_cpp.hpp:11[m[K,
                 from [01m[K/home/ntruong1124/ros2_ws/Python/pub_and_sub/build/intnums/rosidl_typesupport_fastrtps_cpp/intnums/msg/detail/dds_fastrtps/name_int_num_data__type_support.cpp:4[m[K:
[01m[K/home/ntruong1124/ros2_ws/Python/pub_and_sub/build/intnums/rosidl_generator_cpp/intnums/msg/detail/name_int_num_data__struct.hpp:20:10:[m[K [01;31m[Kfatal error: [m[Kintnums/msg/detail/int_num_data__struct.hpp: No such file or directory
   20 | #include [01;31m[K"intnums/msg/detail/int_num_data__struct.hpp"[m[K
      |          [01;31m[K^~~~~~~~~~~~~~~~~~~~~~~~~~~~~~~~~~~~~~~~~~~~~[m[K
compilation terminated.
gmake[2]: *** [CMakeFiles/intnums__rosidl_typesupport_fastrtps_cpp.dir/build.make:112: CMakeFiles/intnums__rosidl_typesupport_fastrtps_cpp.dir/rosidl_typesupport_fastrtps_cpp/intnums/msg/detail/dds_fastrtps/name_int_num_data__type_support.cpp.o] Error 1
gmake[2]: *** Waiting for unfinished jobs....
In file included from [01m[K/home/ntruong1124/ros2_ws/Python/pub_and_sub/build/intnums/rosidl_typesupport_introspection_cpp/intnums/msg/detail/name_int_num_data__type_support.cpp:12[m[K:
[01m[K/home/ntruong1124/ros2_ws/Python/pub_and_sub/build/intnums/rosidl_generator_cpp/intnums/msg/detail/name_int_num_data__struct.hpp:20:10:[m[K [01;31m[Kfatal error: [m[Kintnums/msg/detail/int_num_data__struct.hpp: No such file or directory
   20 | #include [01;31m[K"intnums/msg/detail/int_num_data__struct.hpp"[m[K
      |          [01;31m[K^~~~~~~~~~~~~~~~~~~~~~~~~~~~~~~~~~~~~~~~~~~~~[m[K
compilation terminated.
gmake[2]: *** [CMakeFiles/intnums__rosidl_typesupport_introspection_cpp.dir/build.make:112: CMakeFiles/intnums__rosidl_typesupport_introspection_cpp.dir/rosidl_typesupport_introspection_cpp/intnums/msg/detail/name_int_num_data__type_support.cpp.o] Error 1
gmake[2]: *** Waiting for unfinished jobs....
gmake[1]: *** [CMakeFiles/Makefile2:395: CMakeFiles/intnums__rosidl_typesupport_cpp.dir/all] Error 2
gmake[1]: *** [CMakeFiles/Makefile2:369: CMakeFiles/intnums__rosidl_typesupport_introspection_cpp.dir/all] Error 2
gmake[1]: *** [CMakeFiles/Makefile2:343: CMakeFiles/intnums__rosidl_typesupport_fastrtps_cpp.dir/all] Error 2
gmake: *** [Makefile:146: all] Error 2
