[0.011s] Invoking command in '/home/ntruong1124/ros2_ws/Python/pub_and_sub/build/intnums': CMAKE_PREFIX_PATH=/opt/ros/humble /usr/bin/cmake /home/ntruong1124/ros2_ws/Python/pub_and_sub/src/intnums -DCMAKE_INSTALL_PREFIX=/home/ntruong1124/ros2_ws/Python/pub_and_sub/install/intnums
[0.018s] -- Found ament_cmake: 1.3.12 (/opt/ros/humble/share/ament_cmake/cmake)
[0.112s] -- Found rosidl_default_generators: 1.2.0 (/opt/ros/humble/share/rosidl_default_generators/cmake)
[0.113s] -- Using all available rosidl_typesupport_c: rosidl_typesupport_fastrtps_c;rosidl_typesupport_introspection_c
[0.115s] -- Found rosidl_adapter: 3.1.7 (/opt/ros/humble/share/rosidl_adapter/cmake)
[0.187s] -- Using all available rosidl_typesupport_cpp: rosidl_typesupport_fastrtps_cpp;rosidl_typesupport_introspection_cpp
[0.397s] -- Found ament_cmake_ros: 0.10.0 (/opt/ros/humble/share/ament_cmake_ros/cmake)
[0.530s] -- Using all available rosidl_typesupport_c: rosidl_typesupport_fastrtps_c;rosidl_typesupport_introspection_c
[0.695s] -- Using all available rosidl_typesupport_cpp: rosidl_typesupport_fastrtps_cpp;rosidl_typesupport_introspection_cpp
[0.761s] -- Found PythonInterp: /usr/bin/python3 (found suitable version "3.10.12", minimum required is "3.6") 
[0.770s] -- Found python_cmake_module: 0.10.0 (/opt/ros/humble/share/python_cmake_module/cmake)
[0.967s] -- Found PythonLibs: /usr/lib/x86_64-linux-gnu/libpython3.10.so (found suitable version "3.10.12", minimum required is "3.5") 
[0.967s] -- Using PYTHON_EXECUTABLE: /usr/bin/python3
[0.967s] -- Using PYTHON_INCLUDE_DIRS: /usr/include/python3.10
[0.967s] -- Using PYTHON_LIBRARIES: /usr/lib/x86_64-linux-gnu/libpython3.10.so
[0.983s] -- Found PythonExtra: .so  
[1.031s] -- Found ament_lint_auto: 0.12.14 (/opt/ros/humble/share/ament_lint_auto/cmake)
[1.060s] -- Added test 'lint_cmake' to check CMake code style
[1.062s] -- Added test 'xmllint' to check XML markup files
[1.065s] -- Configuring done
[1.094s] -- Generating done
[1.102s] -- Build files have been written to: /home/ntruong1124/ros2_ws/Python/pub_and_sub/build/intnums
[1.109s] Invoked command in '/home/ntruong1124/ros2_ws/Python/pub_and_sub/build/intnums' returned '0': CMAKE_PREFIX_PATH=/opt/ros/humble /usr/bin/cmake /home/ntruong1124/ros2_ws/Python/pub_and_sub/src/intnums -DCMAKE_INSTALL_PREFIX=/home/ntruong1124/ros2_ws/Python/pub_and_sub/install/intnums
[1.110s] Invoking command in '/home/ntruong1124/ros2_ws/Python/pub_and_sub/build/intnums': CMAKE_PREFIX_PATH=/opt/ros/humble /usr/bin/cmake --build /home/ntruong1124/ros2_ws/Python/pub_and_sub/build/intnums -- -j8 -l8
[1.142s] [  2%] [34m[1mGenerating C code for ROS interfaces[0m
[1.148s] [  5%] [34m[1mGenerating C++ code for ROS interfaces[0m
[1.161s] [  5%] Built target ament_cmake_python_copy_intnums
[1.371s] running egg_info
[1.372s] creating intnums.egg-info
[1.372s] writing intnums.egg-info/PKG-INFO
[1.373s] writing dependency_links to intnums.egg-info/dependency_links.txt
[1.373s] writing top-level names to intnums.egg-info/top_level.txt
[1.373s] writing manifest file 'intnums.egg-info/SOURCES.txt'
[1.377s] reading manifest file 'intnums.egg-info/SOURCES.txt'
[1.378s] writing manifest file 'intnums.egg-info/SOURCES.txt'
[1.402s] [  5%] Built target ament_cmake_python_build_intnums_egg
[1.467s] [ 10%] [32mBuilding C object CMakeFiles/intnums__rosidl_generator_c.dir/rosidl_generator_c/intnums/msg/detail/int_data__functions.c.o[0m
[1.467s] [ 10%] [32mBuilding C object CMakeFiles/intnums__rosidl_generator_c.dir/rosidl_generator_c/intnums/msg/detail/name_int_num_data__functions.c.o[0m
[1.484s] [ 10%] Built target intnums__cpp
[1.496s] [ 12%] [34m[1mGenerating C++ type support dispatch for ROS interfaces[0m
[1.497s] [ 15%] [34m[1mGenerating C++ introspection for ROS interfaces[0m
[1.497s] [ 17%] [34m[1mGenerating C++ type support for eProsima Fast-RTPS[0m
[1.510s] In file included from [01m[K/home/ntruong1124/ros2_ws/Python/pub_and_sub/build/intnums/rosidl_generator_c/intnums/msg/detail/name_int_num_data__functions.h:19[m[K,
[1.510s]                  from [01m[K/home/ntruong1124/ros2_ws/Python/pub_and_sub/build/intnums/rosidl_generator_c/intnums/msg/detail/name_int_num_data__functions.c:4[m[K:
[1.510s] [01m[K/home/ntruong1124/ros2_ws/Python/pub_and_sub/build/intnums/rosidl_generator_c/intnums/msg/detail/name_int_num_data__struct.h:24:10:[m[K [01;31m[Kfatal error: [m[Kintnums/msg/detail/int_num_data__struct.h: No such file or directory
[1.510s]    24 | #include [01;31m[K"intnums/msg/detail/int_num_data__struct.h"[m[K
[1.510s]       |          [01;31m[K^~~~~~~~~~~~~~~~~~~~~~~~~~~~~~~~~~~~~~~~~~~[m[K
[1.510s] compilation terminated.
[1.511s] gmake[2]: *** [CMakeFiles/intnums__rosidl_generator_c.dir/build.make:135: CMakeFiles/intnums__rosidl_generator_c.dir/rosidl_generator_c/intnums/msg/detail/name_int_num_data__functions.c.o] Error 1
[1.511s] gmake[2]: *** Waiting for unfinished jobs....
[1.542s] gmake[1]: *** [CMakeFiles/Makefile2:213: CMakeFiles/intnums__rosidl_generator_c.dir/all] Error 2
[1.543s] gmake[1]: *** Waiting for unfinished jobs....
[1.712s] [ 20%] [32mBuilding CXX object CMakeFiles/intnums__rosidl_typesupport_cpp.dir/rosidl_typesupport_cpp/intnums/msg/int_data__type_support.cpp.o[0m
[1.712s] [ 23%] [32mBuilding CXX object CMakeFiles/intnums__rosidl_typesupport_cpp.dir/rosidl_typesupport_cpp/intnums/msg/name_int_num_data__type_support.cpp.o[0m
[1.759s] [ 25%] [32mBuilding CXX object CMakeFiles/intnums__rosidl_typesupport_fastrtps_cpp.dir/rosidl_typesupport_fastrtps_cpp/intnums/msg/detail/dds_fastrtps/int_data__type_support.cpp.o[0m
[1.759s] [ 28%] [32mBuilding CXX object CMakeFiles/intnums__rosidl_typesupport_fastrtps_cpp.dir/rosidl_typesupport_fastrtps_cpp/intnums/msg/detail/dds_fastrtps/name_int_num_data__type_support.cpp.o[0m
[1.760s] [ 33%] [32mBuilding CXX object CMakeFiles/intnums__rosidl_typesupport_introspection_cpp.dir/rosidl_typesupport_introspection_cpp/intnums/msg/detail/int_data__type_support.cpp.o[0m
[1.760s] [ 33%] [32mBuilding CXX object CMakeFiles/intnums__rosidl_typesupport_introspection_cpp.dir/rosidl_typesupport_introspection_cpp/intnums/msg/detail/name_int_num_data__type_support.cpp.o[0m
[1.810s] In file included from [01m[K/home/ntruong1124/ros2_ws/Python/pub_and_sub/build/intnums/rosidl_typesupport_cpp/intnums/msg/name_int_num_data__type_support.cpp:7[m[K:
[1.810s] [01m[K/home/ntruong1124/ros2_ws/Python/pub_and_sub/build/intnums/rosidl_generator_cpp/intnums/msg/detail/name_int_num_data__struct.hpp:20:10:[m[K [01;31m[Kfatal error: [m[Kintnums/msg/detail/int_num_data__struct.hpp: No such file or directory
[1.810s]    20 | #include [01;31m[K"intnums/msg/detail/int_num_data__struct.hpp"[m[K
[1.810s]       |          [01;31m[K^~~~~~~~~~~~~~~~~~~~~~~~~~~~~~~~~~~~~~~~~~~~~[m[K
[1.810s] compilation terminated.
[1.812s] gmake[2]: *** [CMakeFiles/intnums__rosidl_typesupport_cpp.dir/build.make:104: CMakeFiles/intnums__rosidl_typesupport_cpp.dir/rosidl_typesupport_cpp/intnums/msg/name_int_num_data__type_support.cpp.o] Error 1
[1.812s] gmake[2]: *** Waiting for unfinished jobs....
[1.821s] In file included from [01m[K/home/ntruong1124/ros2_ws/Python/pub_and_sub/build/intnums/rosidl_typesupport_fastrtps_cpp/intnums/msg/detail/name_int_num_data__rosidl_typesupport_fastrtps_cpp.hpp:11[m[K,
[1.821s]                  from [01m[K/home/ntruong1124/ros2_ws/Python/pub_and_sub/build/intnums/rosidl_typesupport_fastrtps_cpp/intnums/msg/detail/dds_fastrtps/name_int_num_data__type_support.cpp:4[m[K:
[1.821s] [01m[K/home/ntruong1124/ros2_ws/Python/pub_and_sub/build/intnums/rosidl_generator_cpp/intnums/msg/detail/name_int_num_data__struct.hpp:20:10:[m[K [01;31m[Kfatal error: [m[Kintnums/msg/detail/int_num_data__struct.hpp: No such file or directory
[1.821s]    20 | #include [01;31m[K"intnums/msg/detail/int_num_data__struct.hpp"[m[K
[1.821s]       |          [01;31m[K^~~~~~~~~~~~~~~~~~~~~~~~~~~~~~~~~~~~~~~~~~~~~[m[K
[1.821s] compilation terminated.
[1.822s] gmake[2]: *** [CMakeFiles/intnums__rosidl_typesupport_fastrtps_cpp.dir/build.make:112: CMakeFiles/intnums__rosidl_typesupport_fastrtps_cpp.dir/rosidl_typesupport_fastrtps_cpp/intnums/msg/detail/dds_fastrtps/name_int_num_data__type_support.cpp.o] Error 1
[1.822s] gmake[2]: *** Waiting for unfinished jobs....
[1.827s] In file included from [01m[K/home/ntruong1124/ros2_ws/Python/pub_and_sub/build/intnums/rosidl_typesupport_introspection_cpp/intnums/msg/detail/name_int_num_data__type_support.cpp:12[m[K:
[1.827s] [01m[K/home/ntruong1124/ros2_ws/Python/pub_and_sub/build/intnums/rosidl_generator_cpp/intnums/msg/detail/name_int_num_data__struct.hpp:20:10:[m[K [01;31m[Kfatal error: [m[Kintnums/msg/detail/int_num_data__struct.hpp: No such file or directory
[1.827s]    20 | #include [01;31m[K"intnums/msg/detail/int_num_data__struct.hpp"[m[K
[1.827s]       |          [01;31m[K^~~~~~~~~~~~~~~~~~~~~~~~~~~~~~~~~~~~~~~~~~~~~[m[K
[1.827s] compilation terminated.
[1.829s] gmake[2]: *** [CMakeFiles/intnums__rosidl_typesupport_introspection_cpp.dir/build.make:112: CMakeFiles/intnums__rosidl_typesupport_introspection_cpp.dir/rosidl_typesupport_introspection_cpp/intnums/msg/detail/name_int_num_data__type_support.cpp.o] Error 1
[1.829s] gmake[2]: *** Waiting for unfinished jobs....
[2.010s] gmake[1]: *** [CMakeFiles/Makefile2:395: CMakeFiles/intnums__rosidl_typesupport_cpp.dir/all] Error 2
[2.096s] gmake[1]: *** [CMakeFiles/Makefile2:369: CMakeFiles/intnums__rosidl_typesupport_introspection_cpp.dir/all] Error 2
[2.115s] gmake[1]: *** [CMakeFiles/Makefile2:343: CMakeFiles/intnums__rosidl_typesupport_fastrtps_cpp.dir/all] Error 2
[2.115s] gmake: *** [Makefile:146: all] Error 2
[2.118s] Invoked command in '/home/ntruong1124/ros2_ws/Python/pub_and_sub/build/intnums' returned '2': CMAKE_PREFIX_PATH=/opt/ros/humble /usr/bin/cmake --build /home/ntruong1124/ros2_ws/Python/pub_and_sub/build/intnums -- -j8 -l8
