[0.000000] (-) TimerEvent: {}
[0.000208] (intnums) JobQueued: {'identifier': 'intnums', 'dependencies': OrderedDict()}
[0.000502] (intnums) JobStarted: {'identifier': 'intnums'}
[0.007607] (intnums) JobProgress: {'identifier': 'intnums', 'progress': 'cmake'}
[0.008451] (intnums) Command: {'cmd': ['/usr/bin/cmake', '/home/ntruong1124/ros2_ws/Python/pub_and_sub/src/intnums', '-DCMAKE_INSTALL_PREFIX=/home/ntruong1124/ros2_ws/Python/pub_and_sub/install/intnums'], 'cwd': '/home/ntruong1124/ros2_ws/Python/pub_and_sub/build/intnums', 'env': OrderedDict([('LESSOPEN', '| /usr/bin/lesspipe %s'), ('USER', 'ntruong1124'), ('SHLVL', '1'), ('LD_LIBRARY_PATH', '/opt/ros/humble/opt/rviz_ogre_vendor/lib:/opt/ros/humble/lib/x86_64-linux-gnu:/opt/ros/humble/lib'), ('WT_PROFILE_ID', '{4ff56d04-d9cf-57ea-bae2-ad396374e7e3}'), ('MOTD_SHOWN', 'update-motd'), ('HOME', '/home/ntruong1124'), ('OLDPWD', '/home/ntruong1124/ros2_ws/Python/pub_and_sub/src/intnums'), ('ROS_PYTHON_VERSION', '3'), ('DBUS_SESSION_BUS_ADDRESS', 'unix:path=/run/user/1000/bus'), ('WSL_DISTRO_NAME', 'Ubuntu-22.04'), ('WAYLAND_DISPLAY', 'wayland-0'), ('ROS_DISTRO', 'humble'), ('LOGNAME', 'ntruong1124'), ('NAME', 'Javis'), ('WSL_INTEROP', '/run/WSL/312_interop'), ('PULSE_SERVER', 'unix:/mnt/wslg/PulseServer'), ('_', '/usr/bin/colcon'), ('ROS_VERSION', '2'), ('TERM', 'xterm-256color'), ('ROS_LOCALHOST_ONLY', '0'), ('PATH', '/opt/ros/humble/bin:/usr/local/sbin:/usr/local/bin:/usr/sbin:/usr/bin:/sbin:/bin:/usr/games:/usr/local/games:/usr/lib/wsl/lib:/mnt/c/Program Files/Common Files/Oracle/Java/javapath:/mnt/c/WINDOWS/system32:/mnt/c/WINDOWS:/mnt/c/WINDOWS/System32/Wbem:/mnt/c/WINDOWS/System32/WindowsPowerShell/v1.0/:/mnt/c/WINDOWS/System32/OpenSSH/:/mnt/c/Program Files/Git/cmd:/mnt/c/mingw64/bin:/mnt/c/Program Files/Java/jdk-24/bin:/mnt/c/opencv/opencv-mingw64/x64/mingw/bin:/mnt/c/Program Files/MATLAB/R2024a/runtime/win64:/mnt/c/Program Files/MATLAB/R2024a/bin:/mnt/c/Users/NTruong1124/AppData/Local/Microsoft/WindowsApps:/mnt/c/Users/NTruong1124/AppData/Local/Programs/Microsoft VS Code/bin:/mnt/c/Users/NTruong1124/AppData/Local/Python/bin:/snap/bin:/home/ntruong1124/.dotnet/tools'), ('WT_SESSION', '47d705e0-9307-4769-9594-319995134c91'), ('XDG_RUNTIME_DIR', '/run/user/1000/'), ('DISPLAY', ':0'), ('LANG', 'en_US.UTF-8'), ('DOTNET_BUNDLE_EXTRACT_BASE_DIR', '/home/ntruong1124/.cache/dotnet_bundle_extract'), ('LS_COLORS', 'rs=0:di=01;34:ln=01;36:mh=00:pi=40;33:so=01;35:do=01;35:bd=40;33;01:cd=40;33;01:or=40;31;01:mi=00:su=37;41:sg=30;43:ca=30;41:tw=30;42:ow=34;42:st=37;44:ex=01;32:*.tar=01;31:*.tgz=01;31:*.arc=01;31:*.arj=01;31:*.taz=01;31:*.lha=01;31:*.lz4=01;31:*.lzh=01;31:*.lzma=01;31:*.tlz=01;31:*.txz=01;31:*.tzo=01;31:*.t7z=01;31:*.zip=01;31:*.z=01;31:*.dz=01;31:*.gz=01;31:*.lrz=01;31:*.lz=01;31:*.lzo=01;31:*.xz=01;31:*.zst=01;31:*.tzst=01;31:*.bz2=01;31:*.bz=01;31:*.tbz=01;31:*.tbz2=01;31:*.tz=01;31:*.deb=01;31:*.rpm=01;31:*.jar=01;31:*.war=01;31:*.ear=01;31:*.sar=01;31:*.rar=01;31:*.alz=01;31:*.ace=01;31:*.zoo=01;31:*.cpio=01;31:*.7z=01;31:*.rz=01;31:*.cab=01;31:*.wim=01;31:*.swm=01;31:*.dwm=01;31:*.esd=01;31:*.jpg=01;35:*.jpeg=01;35:*.mjpg=01;35:*.mjpeg=01;35:*.gif=01;35:*.bmp=01;35:*.pbm=01;35:*.pgm=01;35:*.ppm=01;35:*.tga=01;35:*.xbm=01;35:*.xpm=01;35:*.tif=01;35:*.tiff=01;35:*.png=01;35:*.svg=01;35:*.svgz=01;35:*.mng=01;35:*.pcx=01;35:*.mov=01;35:*.mpg=01;35:*.mpeg=01;35:*.m2v=01;35:*.mkv=01;35:*.webm=01;35:*.webp=01;35:*.ogm=01;35:*.mp4=01;35:*.m4v=01;35:*.mp4v=01;35:*.vob=01;35:*.qt=01;35:*.nuv=01;35:*.wmv=01;35:*.asf=01;35:*.rm=01;35:*.rmvb=01;35:*.flc=01;35:*.avi=01;35:*.fli=01;35:*.flv=01;35:*.gl=01;35:*.dl=01;35:*.xcf=01;35:*.xwd=01;35:*.yuv=01;35:*.cgm=01;35:*.emf=01;35:*.ogv=01;35:*.ogx=01;35:*.aac=00;36:*.au=00;36:*.flac=00;36:*.m4a=00;36:*.mid=00;36:*.midi=00;36:*.mka=00;36:*.mp3=00;36:*.mpc=00;36:*.ogg=00;36:*.ra=00;36:*.wav=00;36:*.oga=00;36:*.opus=00;36:*.spx=00;36:*.xspf=00;36:'), ('AMENT_PREFIX_PATH', '/opt/ros/humble'), ('SHELL', '/bin/bash'), ('LESSCLOSE', '/usr/bin/lesspipe %s %s'), ('PWD', '/home/ntruong1124/ros2_ws/Python/pub_and_sub/build/intnums'), ('XDG_DATA_DIRS', '/usr/local/share:/usr/share:/var/lib/snapd/desktop'), ('PYTHONPATH', '/opt/ros/humble/lib/python3.10/site-packages:/opt/ros/humble/local/lib/python3.10/dist-packages'), ('COLCON', '1'), ('WSL2_GUI_APPS_ENABLED', '1'), ('HOSTTYPE', 'x86_64'), ('WSLENV', 'WT_SESSION:WT_PROFILE_ID:'), ('CMAKE_PREFIX_PATH', '/opt/ros/humble')]), 'shell': False}
[0.018836] (intnums) StdoutLine: {'line': b'-- Found ament_cmake: 1.3.12 (/opt/ros/humble/share/ament_cmake/cmake)\n'}
[0.098937] (-) TimerEvent: {}
[0.112622] (intnums) StdoutLine: {'line': b'-- Found rosidl_default_generators: 1.2.0 (/opt/ros/humble/share/rosidl_default_generators/cmake)\n'}
[0.113485] (intnums) StdoutLine: {'line': b'-- Using all available rosidl_typesupport_c: rosidl_typesupport_fastrtps_c;rosidl_typesupport_introspection_c\n'}
[0.115448] (intnums) StdoutLine: {'line': b'-- Found rosidl_adapter: 3.1.7 (/opt/ros/humble/share/rosidl_adapter/cmake)\n'}
[0.187344] (intnums) StdoutLine: {'line': b'-- Using all available rosidl_typesupport_cpp: rosidl_typesupport_fastrtps_cpp;rosidl_typesupport_introspection_cpp\n'}
[0.199002] (-) TimerEvent: {}
[0.299372] (-) TimerEvent: {}
[0.396994] (intnums) StdoutLine: {'line': b'-- Found ament_cmake_ros: 0.10.0 (/opt/ros/humble/share/ament_cmake_ros/cmake)\n'}
[0.399495] (-) TimerEvent: {}
[0.499928] (-) TimerEvent: {}
[0.530560] (intnums) StdoutLine: {'line': b'-- Using all available rosidl_typesupport_c: rosidl_typesupport_fastrtps_c;rosidl_typesupport_introspection_c\n'}
[0.600071] (-) TimerEvent: {}
[0.695505] (intnums) StdoutLine: {'line': b'-- Using all available rosidl_typesupport_cpp: rosidl_typesupport_fastrtps_cpp;rosidl_typesupport_introspection_cpp\n'}
[0.700179] (-) TimerEvent: {}
[0.761475] (intnums) StdoutLine: {'line': b'-- Found PythonInterp: /usr/bin/python3 (found suitable version "3.10.12", minimum required is "3.6") \n'}
[0.769986] (intnums) StdoutLine: {'line': b'-- Found python_cmake_module: 0.10.0 (/opt/ros/humble/share/python_cmake_module/cmake)\n'}
[0.800329] (-) TimerEvent: {}
[0.900702] (-) TimerEvent: {}
[0.967219] (intnums) StdoutLine: {'line': b'-- Found PythonLibs: /usr/lib/x86_64-linux-gnu/libpython3.10.so (found suitable version "3.10.12", minimum required is "3.5") \n'}
[0.967415] (intnums) StdoutLine: {'line': b'-- Using PYTHON_EXECUTABLE: /usr/bin/python3\n'}
[0.967479] (intnums) StdoutLine: {'line': b'-- Using PYTHON_INCLUDE_DIRS: /usr/include/python3.10\n'}
[0.967520] (intnums) StdoutLine: {'line': b'-- Using PYTHON_LIBRARIES: /usr/lib/x86_64-linux-gnu/libpython3.10.so\n'}
[0.983516] (intnums) StdoutLine: {'line': b'-- Found PythonExtra: .so  \n'}
[1.000859] (-) TimerEvent: {}
[1.031047] (intnums) StdoutLine: {'line': b'-- Found ament_lint_auto: 0.12.14 (/opt/ros/humble/share/ament_lint_auto/cmake)\n'}
[1.060308] (intnums) StdoutLine: {'line': b"-- Added test 'lint_cmake' to check CMake code style\n"}
[1.062107] (intnums) StdoutLine: {'line': b"-- Added test 'xmllint' to check XML markup files\n"}
[1.065412] (intnums) StdoutLine: {'line': b'-- Configuring done\n'}
[1.094771] (intnums) StdoutLine: {'line': b'-- Generating done\n'}
[1.100985] (-) TimerEvent: {}
[1.102530] (intnums) StdoutLine: {'line': b'-- Build files have been written to: /home/ntruong1124/ros2_ws/Python/pub_and_sub/build/intnums\n'}
[1.109459] (intnums) CommandEnded: {'returncode': 0}
[1.109848] (intnums) JobProgress: {'identifier': 'intnums', 'progress': 'build'}
[1.110159] (intnums) Command: {'cmd': ['/usr/bin/cmake', '--build', '/home/ntruong1124/ros2_ws/Python/pub_and_sub/build/intnums', '--', '-j8', '-l8'], 'cwd': '/home/ntruong1124/ros2_ws/Python/pub_and_sub/build/intnums', 'env': OrderedDict([('LESSOPEN', '| /usr/bin/lesspipe %s'), ('USER', 'ntruong1124'), ('SHLVL', '1'), ('LD_LIBRARY_PATH', '/opt/ros/humble/opt/rviz_ogre_vendor/lib:/opt/ros/humble/lib/x86_64-linux-gnu:/opt/ros/humble/lib'), ('WT_PROFILE_ID', '{4ff56d04-d9cf-57ea-bae2-ad396374e7e3}'), ('MOTD_SHOWN', 'update-motd'), ('HOME', '/home/ntruong1124'), ('OLDPWD', '/home/ntruong1124/ros2_ws/Python/pub_and_sub/src/intnums'), ('ROS_PYTHON_VERSION', '3'), ('DBUS_SESSION_BUS_ADDRESS', 'unix:path=/run/user/1000/bus'), ('WSL_DISTRO_NAME', 'Ubuntu-22.04'), ('WAYLAND_DISPLAY', 'wayland-0'), ('ROS_DISTRO', 'humble'), ('LOGNAME', 'ntruong1124'), ('NAME', 'Javis'), ('WSL_INTEROP', '/run/WSL/312_interop'), ('PULSE_SERVER', 'unix:/mnt/wslg/PulseServer'), ('_', '/usr/bin/colcon'), ('ROS_VERSION', '2'), ('TERM', 'xterm-256color'), ('ROS_LOCALHOST_ONLY', '0'), ('PATH', '/opt/ros/humble/bin:/usr/local/sbin:/usr/local/bin:/usr/sbin:/usr/bin:/sbin:/bin:/usr/games:/usr/local/games:/usr/lib/wsl/lib:/mnt/c/Program Files/Common Files/Oracle/Java/javapath:/mnt/c/WINDOWS/system32:/mnt/c/WINDOWS:/mnt/c/WINDOWS/System32/Wbem:/mnt/c/WINDOWS/System32/WindowsPowerShell/v1.0/:/mnt/c/WINDOWS/System32/OpenSSH/:/mnt/c/Program Files/Git/cmd:/mnt/c/mingw64/bin:/mnt/c/Program Files/Java/jdk-24/bin:/mnt/c/opencv/opencv-mingw64/x64/mingw/bin:/mnt/c/Program Files/MATLAB/R2024a/runtime/win64:/mnt/c/Program Files/MATLAB/R2024a/bin:/mnt/c/Users/NTruong1124/AppData/Local/Microsoft/WindowsApps:/mnt/c/Users/NTruong1124/AppData/Local/Programs/Microsoft VS Code/bin:/mnt/c/Users/NTruong1124/AppData/Local/Python/bin:/snap/bin:/home/ntruong1124/.dotnet/tools'), ('WT_SESSION', '47d705e0-9307-4769-9594-319995134c91'), ('XDG_RUNTIME_DIR', '/run/user/1000/'), ('DISPLAY', ':0'), ('LANG', 'en_US.UTF-8'), ('DOTNET_BUNDLE_EXTRACT_BASE_DIR', '/home/ntruong1124/.cache/dotnet_bundle_extract'), ('LS_COLORS', 'rs=0:di=01;34:ln=01;36:mh=00:pi=40;33:so=01;35:do=01;35:bd=40;33;01:cd=40;33;01:or=40;31;01:mi=00:su=37;41:sg=30;43:ca=30;41:tw=30;42:ow=34;42:st=37;44:ex=01;32:*.tar=01;31:*.tgz=01;31:*.arc=01;31:*.arj=01;31:*.taz=01;31:*.lha=01;31:*.lz4=01;31:*.lzh=01;31:*.lzma=01;31:*.tlz=01;31:*.txz=01;31:*.tzo=01;31:*.t7z=01;31:*.zip=01;31:*.z=01;31:*.dz=01;31:*.gz=01;31:*.lrz=01;31:*.lz=01;31:*.lzo=01;31:*.xz=01;31:*.zst=01;31:*.tzst=01;31:*.bz2=01;31:*.bz=01;31:*.tbz=01;31:*.tbz2=01;31:*.tz=01;31:*.deb=01;31:*.rpm=01;31:*.jar=01;31:*.war=01;31:*.ear=01;31:*.sar=01;31:*.rar=01;31:*.alz=01;31:*.ace=01;31:*.zoo=01;31:*.cpio=01;31:*.7z=01;31:*.rz=01;31:*.cab=01;31:*.wim=01;31:*.swm=01;31:*.dwm=01;31:*.esd=01;31:*.jpg=01;35:*.jpeg=01;35:*.mjpg=01;35:*.mjpeg=01;35:*.gif=01;35:*.bmp=01;35:*.pbm=01;35:*.pgm=01;35:*.ppm=01;35:*.tga=01;35:*.xbm=01;35:*.xpm=01;35:*.tif=01;35:*.tiff=01;35:*.png=01;35:*.svg=01;35:*.svgz=01;35:*.mng=01;35:*.pcx=01;35:*.mov=01;35:*.mpg=01;35:*.mpeg=01;35:*.m2v=01;35:*.mkv=01;35:*.webm=01;35:*.webp=01;35:*.ogm=01;35:*.mp4=01;35:*.m4v=01;35:*.mp4v=01;35:*.vob=01;35:*.qt=01;35:*.nuv=01;35:*.wmv=01;35:*.asf=01;35:*.rm=01;35:*.rmvb=01;35:*.flc=01;35:*.avi=01;35:*.fli=01;35:*.flv=01;35:*.gl=01;35:*.dl=01;35:*.xcf=01;35:*.xwd=01;35:*.yuv=01;35:*.cgm=01;35:*.emf=01;35:*.ogv=01;35:*.ogx=01;35:*.aac=00;36:*.au=00;36:*.flac=00;36:*.m4a=00;36:*.mid=00;36:*.midi=00;36:*.mka=00;36:*.mp3=00;36:*.mpc=00;36:*.ogg=00;36:*.ra=00;36:*.wav=00;36:*.oga=00;36:*.opus=00;36:*.spx=00;36:*.xspf=00;36:'), ('AMENT_PREFIX_PATH', '/opt/ros/humble'), ('SHELL', '/bin/bash'), ('LESSCLOSE', '/usr/bin/lesspipe %s %s'), ('PWD', '/home/ntruong1124/ros2_ws/Python/pub_and_sub/build/intnums'), ('XDG_DATA_DIRS', '/usr/local/share:/usr/share:/var/lib/snapd/desktop'), ('PYTHONPATH', '/opt/ros/humble/lib/python3.10/site-packages:/opt/ros/humble/local/lib/python3.10/dist-packages'), ('COLCON', '1'), ('WSL2_GUI_APPS_ENABLED', '1'), ('HOSTTYPE', 'x86_64'), ('WSLENV', 'WT_SESSION:WT_PROFILE_ID:'), ('CMAKE_PREFIX_PATH', '/opt/ros/humble')]), 'shell': False}
[1.142061] (intnums) StdoutLine: {'line': b'[  2%] \x1b[34m\x1b[1mGenerating C code for ROS interfaces\x1b[0m\n'}
[1.147971] (intnums) StdoutLine: {'line': b'[  5%] \x1b[34m\x1b[1mGenerating C++ code for ROS interfaces\x1b[0m\n'}
[1.161795] (intnums) StdoutLine: {'line': b'[  5%] Built target ament_cmake_python_copy_intnums\n'}
[1.201199] (-) TimerEvent: {}
[1.301636] (-) TimerEvent: {}
[1.371698] (intnums) StdoutLine: {'line': b'running egg_info\n'}
[1.372270] (intnums) StdoutLine: {'line': b'creating intnums.egg-info\n'}
[1.372807] (intnums) StdoutLine: {'line': b'writing intnums.egg-info/PKG-INFO\n'}
[1.373169] (intnums) StdoutLine: {'line': b'writing dependency_links to intnums.egg-info/dependency_links.txt\n'}
[1.373427] (intnums) StdoutLine: {'line': b'writing top-level names to intnums.egg-info/top_level.txt\n'}
[1.373680] (intnums) StdoutLine: {'line': b"writing manifest file 'intnums.egg-info/SOURCES.txt'\n"}
[1.377612] (intnums) StdoutLine: {'line': b"reading manifest file 'intnums.egg-info/SOURCES.txt'\n"}
[1.378267] (intnums) StdoutLine: {'line': b"writing manifest file 'intnums.egg-info/SOURCES.txt'\n"}
[1.401729] (-) TimerEvent: {}
[1.401999] (intnums) StdoutLine: {'line': b'[  5%] Built target ament_cmake_python_build_intnums_egg\n'}
[1.466735] (intnums) StdoutLine: {'line': b'[ 10%] \x1b[32mBuilding C object CMakeFiles/intnums__rosidl_generator_c.dir/rosidl_generator_c/intnums/msg/detail/int_data__functions.c.o\x1b[0m\n'}
[1.467295] (intnums) StdoutLine: {'line': b'[ 10%] \x1b[32mBuilding C object CMakeFiles/intnums__rosidl_generator_c.dir/rosidl_generator_c/intnums/msg/detail/name_int_num_data__functions.c.o\x1b[0m\n'}
[1.484627] (intnums) StdoutLine: {'line': b'[ 10%] Built target intnums__cpp\n'}
[1.496691] (intnums) StdoutLine: {'line': b'[ 12%] \x1b[34m\x1b[1mGenerating C++ type support dispatch for ROS interfaces\x1b[0m\n'}
[1.496968] (intnums) StdoutLine: {'line': b'[ 15%] \x1b[34m\x1b[1mGenerating C++ introspection for ROS interfaces\x1b[0m\n'}
[1.497082] (intnums) StdoutLine: {'line': b'[ 17%] \x1b[34m\x1b[1mGenerating C++ type support for eProsima Fast-RTPS\x1b[0m\n'}
[1.501873] (-) TimerEvent: {}
[1.510292] (intnums) StderrLine: {'line': b'In file included from \x1b[01m\x1b[K/home/ntruong1124/ros2_ws/Python/pub_and_sub/build/intnums/rosidl_generator_c/intnums/msg/detail/name_int_num_data__functions.h:19\x1b[m\x1b[K,\n'}
[1.510552] (intnums) StderrLine: {'line': b'                 from \x1b[01m\x1b[K/home/ntruong1124/ros2_ws/Python/pub_and_sub/build/intnums/rosidl_generator_c/intnums/msg/detail/name_int_num_data__functions.c:4\x1b[m\x1b[K:\n'}
[1.510637] (intnums) StderrLine: {'line': b'\x1b[01m\x1b[K/home/ntruong1124/ros2_ws/Python/pub_and_sub/build/intnums/rosidl_generator_c/intnums/msg/detail/name_int_num_data__struct.h:24:10:\x1b[m\x1b[K \x1b[01;31m\x1b[Kfatal error: \x1b[m\x1b[Kintnums/msg/detail/int_num_data__struct.h: No such file or directory\n'}
[1.510700] (intnums) StderrLine: {'line': b'   24 | #include \x1b[01;31m\x1b[K"intnums/msg/detail/int_num_data__struct.h"\x1b[m\x1b[K\n'}
[1.510757] (intnums) StderrLine: {'line': b'      |          \x1b[01;31m\x1b[K^~~~~~~~~~~~~~~~~~~~~~~~~~~~~~~~~~~~~~~~~~~\x1b[m\x1b[K\n'}
[1.510817] (intnums) StderrLine: {'line': b'compilation terminated.\n'}
[1.511431] (intnums) StderrLine: {'line': b'gmake[2]: *** [CMakeFiles/intnums__rosidl_generator_c.dir/build.make:135: CMakeFiles/intnums__rosidl_generator_c.dir/rosidl_generator_c/intnums/msg/detail/name_int_num_data__functions.c.o] Error 1\n'}
[1.511583] (intnums) StderrLine: {'line': b'gmake[2]: *** Waiting for unfinished jobs....\n'}
[1.542887] (intnums) StderrLine: {'line': b'gmake[1]: *** [CMakeFiles/Makefile2:213: CMakeFiles/intnums__rosidl_generator_c.dir/all] Error 2\n'}
[1.543070] (intnums) StderrLine: {'line': b'gmake[1]: *** Waiting for unfinished jobs....\n'}
[1.602012] (-) TimerEvent: {}
[1.702326] (-) TimerEvent: {}
[1.712471] (intnums) StdoutLine: {'line': b'[ 20%] \x1b[32mBuilding CXX object CMakeFiles/intnums__rosidl_typesupport_cpp.dir/rosidl_typesupport_cpp/intnums/msg/int_data__type_support.cpp.o\x1b[0m\n'}
[1.712862] (intnums) StdoutLine: {'line': b'[ 23%] \x1b[32mBuilding CXX object CMakeFiles/intnums__rosidl_typesupport_cpp.dir/rosidl_typesupport_cpp/intnums/msg/name_int_num_data__type_support.cpp.o\x1b[0m\n'}
[1.759011] (intnums) StdoutLine: {'line': b'[ 25%] \x1b[32mBuilding CXX object CMakeFiles/intnums__rosidl_typesupport_fastrtps_cpp.dir/rosidl_typesupport_fastrtps_cpp/intnums/msg/detail/dds_fastrtps/int_data__type_support.cpp.o\x1b[0m\n'}
[1.759396] (intnums) StdoutLine: {'line': b'[ 28%] \x1b[32mBuilding CXX object CMakeFiles/intnums__rosidl_typesupport_fastrtps_cpp.dir/rosidl_typesupport_fastrtps_cpp/intnums/msg/detail/dds_fastrtps/name_int_num_data__type_support.cpp.o\x1b[0m\n'}
[1.759948] (intnums) StdoutLine: {'line': b'[ 33%] \x1b[32mBuilding CXX object CMakeFiles/intnums__rosidl_typesupport_introspection_cpp.dir/rosidl_typesupport_introspection_cpp/intnums/msg/detail/int_data__type_support.cpp.o\x1b[0m\n'}
[1.760257] (intnums) StdoutLine: {'line': b'[ 33%] \x1b[32mBuilding CXX object CMakeFiles/intnums__rosidl_typesupport_introspection_cpp.dir/rosidl_typesupport_introspection_cpp/intnums/msg/detail/name_int_num_data__type_support.cpp.o\x1b[0m\n'}
[1.802583] (-) TimerEvent: {}
[1.810326] (intnums) StderrLine: {'line': b'In file included from \x1b[01m\x1b[K/home/ntruong1124/ros2_ws/Python/pub_and_sub/build/intnums/rosidl_typesupport_cpp/intnums/msg/name_int_num_data__type_support.cpp:7\x1b[m\x1b[K:\n'}
[1.810585] (intnums) StderrLine: {'line': b'\x1b[01m\x1b[K/home/ntruong1124/ros2_ws/Python/pub_and_sub/build/intnums/rosidl_generator_cpp/intnums/msg/detail/name_int_num_data__struct.hpp:20:10:\x1b[m\x1b[K \x1b[01;31m\x1b[Kfatal error: \x1b[m\x1b[Kintnums/msg/detail/int_num_data__struct.hpp: No such file or directory\n'}
[1.810676] (intnums) StderrLine: {'line': b'   20 | #include \x1b[01;31m\x1b[K"intnums/msg/detail/int_num_data__struct.hpp"\x1b[m\x1b[K\n'}
[1.810743] (intnums) StderrLine: {'line': b'      |          \x1b[01;31m\x1b[K^~~~~~~~~~~~~~~~~~~~~~~~~~~~~~~~~~~~~~~~~~~~~\x1b[m\x1b[K\n'}
[1.810807] (intnums) StderrLine: {'line': b'compilation terminated.\n'}
[1.812292] (intnums) StderrLine: {'line': b'gmake[2]: *** [CMakeFiles/intnums__rosidl_typesupport_cpp.dir/build.make:104: CMakeFiles/intnums__rosidl_typesupport_cpp.dir/rosidl_typesupport_cpp/intnums/msg/name_int_num_data__type_support.cpp.o] Error 1\n'}
[1.812553] (intnums) StderrLine: {'line': b'gmake[2]: *** Waiting for unfinished jobs....\n'}
[1.821125] (intnums) StderrLine: {'line': b'In file included from \x1b[01m\x1b[K/home/ntruong1124/ros2_ws/Python/pub_and_sub/build/intnums/rosidl_typesupport_fastrtps_cpp/intnums/msg/detail/name_int_num_data__rosidl_typesupport_fastrtps_cpp.hpp:11\x1b[m\x1b[K,\n'}
[1.821407] (intnums) StderrLine: {'line': b'                 from \x1b[01m\x1b[K/home/ntruong1124/ros2_ws/Python/pub_and_sub/build/intnums/rosidl_typesupport_fastrtps_cpp/intnums/msg/detail/dds_fastrtps/name_int_num_data__type_support.cpp:4\x1b[m\x1b[K:\n'}
[1.821504] (intnums) StderrLine: {'line': b'\x1b[01m\x1b[K/home/ntruong1124/ros2_ws/Python/pub_and_sub/build/intnums/rosidl_generator_cpp/intnums/msg/detail/name_int_num_data__struct.hpp:20:10:\x1b[m\x1b[K \x1b[01;31m\x1b[Kfatal error: \x1b[m\x1b[Kintnums/msg/detail/int_num_data__struct.hpp: No such file or directory\n'}
[1.821579] (intnums) StderrLine: {'line': b'   20 | #include \x1b[01;31m\x1b[K"intnums/msg/detail/int_num_data__struct.hpp"\x1b[m\x1b[K\n'}
[1.821651] (intnums) StderrLine: {'line': b'      |          \x1b[01;31m\x1b[K^~~~~~~~~~~~~~~~~~~~~~~~~~~~~~~~~~~~~~~~~~~~~\x1b[m\x1b[K\n'}
[1.821715] (intnums) StderrLine: {'line': b'compilation terminated.\n'}
[1.822237] (intnums) StderrLine: {'line': b'gmake[2]: *** [CMakeFiles/intnums__rosidl_typesupport_fastrtps_cpp.dir/build.make:112: CMakeFiles/intnums__rosidl_typesupport_fastrtps_cpp.dir/rosidl_typesupport_fastrtps_cpp/intnums/msg/detail/dds_fastrtps/name_int_num_data__type_support.cpp.o] Error 1\n'}
[1.822445] (intnums) StderrLine: {'line': b'gmake[2]: *** Waiting for unfinished jobs....\n'}
[1.827361] (intnums) StderrLine: {'line': b'In file included from \x1b[01m\x1b[K/home/ntruong1124/ros2_ws/Python/pub_and_sub/build/intnums/rosidl_typesupport_introspection_cpp/intnums/msg/detail/name_int_num_data__type_support.cpp:12\x1b[m\x1b[K:\n'}
[1.827576] (intnums) StderrLine: {'line': b'\x1b[01m\x1b[K/home/ntruong1124/ros2_ws/Python/pub_and_sub/build/intnums/rosidl_generator_cpp/intnums/msg/detail/name_int_num_data__struct.hpp:20:10:\x1b[m\x1b[K \x1b[01;31m\x1b[Kfatal error: \x1b[m\x1b[Kintnums/msg/detail/int_num_data__struct.hpp: No such file or directory\n'}
[1.827654] (intnums) StderrLine: {'line': b'   20 | #include \x1b[01;31m\x1b[K"intnums/msg/detail/int_num_data__struct.hpp"\x1b[m\x1b[K\n'}
[1.827725] (intnums) StderrLine: {'line': b'      |          \x1b[01;31m\x1b[K^~~~~~~~~~~~~~~~~~~~~~~~~~~~~~~~~~~~~~~~~~~~~\x1b[m\x1b[K\n'}
[1.827833] (intnums) StderrLine: {'line': b'compilation terminated.\n'}
[1.829133] (intnums) StderrLine: {'line': b'gmake[2]: *** [CMakeFiles/intnums__rosidl_typesupport_introspection_cpp.dir/build.make:112: CMakeFiles/intnums__rosidl_typesupport_introspection_cpp.dir/rosidl_typesupport_introspection_cpp/intnums/msg/detail/name_int_num_data__type_support.cpp.o] Error 1\n'}
[1.829422] (intnums) StderrLine: {'line': b'gmake[2]: *** Waiting for unfinished jobs....\n'}
[1.902704] (-) TimerEvent: {}
[2.003068] (-) TimerEvent: {}
[2.010802] (intnums) StderrLine: {'line': b'gmake[1]: *** [CMakeFiles/Makefile2:395: CMakeFiles/intnums__rosidl_typesupport_cpp.dir/all] Error 2\n'}
[2.096244] (intnums) StderrLine: {'line': b'gmake[1]: *** [CMakeFiles/Makefile2:369: CMakeFiles/intnums__rosidl_typesupport_introspection_cpp.dir/all] Error 2\n'}
[2.103182] (-) TimerEvent: {}
[2.115021] (intnums) StderrLine: {'line': b'gmake[1]: *** [CMakeFiles/Makefile2:343: CMakeFiles/intnums__rosidl_typesupport_fastrtps_cpp.dir/all] Error 2\n'}
[2.115455] (intnums) StderrLine: {'line': b'gmake: *** [Makefile:146: all] Error 2\n'}
[2.117937] (intnums) CommandEnded: {'returncode': 2}
[2.125301] (intnums) JobEnded: {'identifier': 'intnums', 'rc': 2}
[2.135952] (-) EventReactorShutdown: {}
